<?xml version="1.0" encoding="UTF-8"?>
<!-- Generated by org.testng.reporters.JUnitXMLReporter -->
<testsuite ignored="3" hostname="LAPTOP-0S35IHI2" failures="0" tests="1" name="Default test" time="193.834" errors="0" timestamp="2025-02-25T10:35:33 IST">
  <testcase classname="com.Zomato.testcases.SearcTestcase_002" name="links" time="158.898"/>
  <testcase classname="com.Zomato.testcases.SearcTestcase_002" name="serchritems" time="0.0">
    <ignored/>
  </testcase> <!-- serchritems -->
  <testcase classname="com.Zomato.testcases.SearcTestcase_002" name="loginuser" time="0.0">
    <ignored/>
  </testcase> <!-- loginuser -->
  <testcase classname="com.Zomato.testcases.SearcTestcase_002" name="signup" time="0.0">
    <ignored/>
  </testcase> <!-- signup -->
</testsuite> <!-- Default test -->
